0 info it worked if it ends with ok
1 verbose cli [ 'C:\\Program Files\\nodejs\\\\node.exe',
1 verbose cli   'C:\\Program Files\\nodejs\\node_modules\\npm\\bin\\npm-cli.js',
1 verbose cli   'install',
1 verbose cli   'ActiveXObject' ]
2 info using npm@1.4.28
3 info using node@v0.10.34
4 verbose node symlink C:\Program Files\nodejs\\node.exe
5 warn package.json fs@0.0.2 fs is also the name of a node core module.
6 warn package.json fs@0.0.2 No description
7 warn package.json fs@0.0.2 No repository field.
8 warn package.json fs@0.0.2 No README data
9 verbose cache add [ 'ActiveXObject', null ]
10 verbose cache add name=undefined spec="ActiveXObject" args=["ActiveXObject",null]
11 verbose parsed url { protocol: null,
11 verbose parsed url   slashes: null,
11 verbose parsed url   auth: null,
11 verbose parsed url   host: null,
11 verbose parsed url   port: null,
11 verbose parsed url   hostname: null,
11 verbose parsed url   hash: null,
11 verbose parsed url   search: null,
11 verbose parsed url   query: null,
11 verbose parsed url   pathname: 'ActiveXObject',
11 verbose parsed url   path: 'ActiveXObject',
11 verbose parsed url   href: 'ActiveXObject' }
12 silly lockFile aa12de0b-ActiveXObject ActiveXObject
13 verbose lock ActiveXObject C:\Users\Žiga\AppData\Roaming\npm-cache\aa12de0b-ActiveXObject.lock
14 silly lockFile aa12de0b-ActiveXObject ActiveXObject
15 silly lockFile aa12de0b-ActiveXObject ActiveXObject
16 verbose addNamed [ 'ActiveXObject', '' ]
17 verbose addNamed [ null, '*' ]
18 silly lockFile 11306ee4-ActiveXObject ActiveXObject@
19 verbose lock ActiveXObject@ C:\Users\Žiga\AppData\Roaming\npm-cache\11306ee4-ActiveXObject.lock
20 silly addNameRange { name: 'ActiveXObject', range: '*', hasData: false }
21 verbose request where is /ActiveXObject
22 verbose request registry https://registry.npmjs.org/
23 verbose request id 451012be5c924645
24 verbose url raw /ActiveXObject
25 verbose url resolving [ 'https://registry.npmjs.org/', './ActiveXObject' ]
26 verbose url resolved https://registry.npmjs.org/ActiveXObject
27 verbose request where is https://registry.npmjs.org/ActiveXObject
28 info trying registry request attempt 1 at 13:51:28
29 http GET https://registry.npmjs.org/ActiveXObject
30 http 404 https://registry.npmjs.org/ActiveXObject
31 verbose headers { date: 'Sat, 20 Dec 2014 12:51:36 GMT',
31 verbose headers   server: 'CouchDB/1.5.0 (Erlang OTP/R16B03)',
31 verbose headers   'content-type': 'application/json',
31 verbose headers   'cache-control': 'max-age=0',
31 verbose headers   'content-length': '52',
31 verbose headers   'accept-ranges': 'bytes',
31 verbose headers   via: '1.1 varnish',
31 verbose headers   age: '0',
31 verbose headers   'x-served-by': 'cache-fra1229-FRA',
31 verbose headers   'x-cache': 'MISS',
31 verbose headers   'x-cache-hits': '0',
31 verbose headers   'x-timer': 'S1419079896.073176,VS0,VE695',
31 verbose headers   'keep-alive': 'timeout=10, max=50',
31 verbose headers   connection: 'Keep-Alive' }
32 silly registry.get cb [ 404,
32 silly registry.get   { date: 'Sat, 20 Dec 2014 12:51:36 GMT',
32 silly registry.get     server: 'CouchDB/1.5.0 (Erlang OTP/R16B03)',
32 silly registry.get     'content-type': 'application/json',
32 silly registry.get     'cache-control': 'max-age=0',
32 silly registry.get     'content-length': '52',
32 silly registry.get     'accept-ranges': 'bytes',
32 silly registry.get     via: '1.1 varnish',
32 silly registry.get     age: '0',
32 silly registry.get     'x-served-by': 'cache-fra1229-FRA',
32 silly registry.get     'x-cache': 'MISS',
32 silly registry.get     'x-cache-hits': '0',
32 silly registry.get     'x-timer': 'S1419079896.073176,VS0,VE695',
32 silly registry.get     'keep-alive': 'timeout=10, max=50',
32 silly registry.get     connection: 'Keep-Alive' } ]
33 silly lockFile 11306ee4-ActiveXObject ActiveXObject@
34 silly lockFile 11306ee4-ActiveXObject ActiveXObject@
35 error 404 404 Not Found: ActiveXObject
35 error 404
35 error 404 'ActiveXObject' is not in the npm registry.
35 error 404 You should bug the author to publish it
35 error 404
35 error 404 Note that you can also install from a
35 error 404 tarball, folder, or http url, or git url.
36 error System Windows_NT 6.2.9200
37 error command "C:\\Program Files\\nodejs\\\\node.exe" "C:\\Program Files\\nodejs\\node_modules\\npm\\bin\\npm-cli.js" "install" "ActiveXObject"
38 error cwd C:\Users\Žiga\Documents\GitHub\ois-dn4
39 error node -v v0.10.34
40 error npm -v 1.4.28
41 error code E404
42 verbose exit [ 1, true ]
